Flow report for MealyStateMachine
Fri Dec 15 21:47:29 2023
Quartus Prime Version 19.1.0 Build 670 09/22/2019 SJ Lite Edition


---------------------
; Table of Contents ;
---------------------
  1. Legal Notice
  2. Flow Summary
  3. Flow Settings
  4. Flow Non-Default Global Settings
  5. Flow Elapsed Time
  6. Flow OS Summary
  7. Flow Log
  8. Flow Messages
  9. Flow Suppressed Messages



----------------
; Legal Notice ;
----------------
Copyright (C) 2019  Intel Corporation. All rights reserved.
Your use of Intel Corporation's design tools, logic functions 
and other software and tools, and any partner logic 
functions, and any output files from any of the foregoing 
(including device programming or simulation files), and any 
associated documentation or information are expressly subject 
to the terms and conditions of the Intel Program License 
Subscription Agreement, the Intel Quartus Prime License Agreement,
the Intel FPGA IP License Agreement, or other applicable license
agreement, including, without limitation, that your use is for
the sole purpose of programming logic devices manufactured by
Intel and sold by Intel or its authorized distributors.  Please
refer to the applicable agreement for further details, at
https://fpgasoftware.intel.com/eula.



+----------------------------------------------------------------------------------+
; Flow Summary                                                                     ;
+------------------------------------+---------------------------------------------+
; Flow Status                        ; Successful - Fri Dec 15 21:47:29 2023       ;
; Quartus Prime Version              ; 19.1.0 Build 670 09/22/2019 SJ Lite Edition ;
; Revision Name                      ; MealyStateMachine                           ;
; Top-level Entity Name              ; MealyMachine                                ;
; Family                             ; Cyclone IV E                                ;
; Device                             ; EP4CE115F29C7                               ;
; Timing Models                      ; Final                                       ;
; Total logic elements               ; 37 / 114,480 ( < 1 % )                      ;
;     Total combinational functions  ; 37 / 114,480 ( < 1 % )                      ;
;     Dedicated logic registers      ; 4 / 114,480 ( < 1 % )                       ;
; Total registers                    ; 4                                           ;
; Total pins                         ; 8 / 529 ( 2 % )                             ;
; Total virtual pins                 ; 0                                           ;
; Total memory bits                  ; 0 / 3,981,312 ( 0 % )                       ;
; Embedded Multiplier 9-bit elements ; 0 / 532 ( 0 % )                             ;
; Total PLLs                         ; 0 / 4 ( 0 % )                               ;
+------------------------------------+---------------------------------------------+


+-----------------------------------------+
; Flow Settings                           ;
+-------------------+---------------------+
; Option            ; Setting             ;
+-------------------+---------------------+
; Start date & time ; 11/05/2023 12:48:08 ;
; Main task         ; Compilation         ;
; Revision Name     ; MealyStateMachine   ;
+-------------------+---------------------+


+------------------------------------------------------------------------------------------------------------------------------+
; Flow Non-Default Global Settings                                                                                             ;
+-------------------------------------+----------------------------------------+-------------------+--------------+------------+
; Assignment Name                     ; Value                                  ; Default Value     ; Entity Name  ; Section Id ;
+-------------------------------------+----------------------------------------+-------------------+--------------+------------+
; COMPILER_SIGNATURE_ID               ; 229310348696204.169919928712488        ; --                ; --           ; --         ;
; MAX_CORE_JUNCTION_TEMP              ; 85                                     ; --                ; --           ; --         ;
; MIN_CORE_JUNCTION_TEMP              ; 0                                      ; --                ; --           ; --         ;
; NOMINAL_CORE_SUPPLY_VOLTAGE         ; 1.2V                                   ; --                ; --           ; --         ;
; OUTPUT_IO_TIMING_FAR_END_VMEAS      ; Half Signal Swing                      ; --                ; --           ; --         ;
; OUTPUT_IO_TIMING_FAR_END_VMEAS      ; Half Signal Swing                      ; --                ; --           ; --         ;
; OUTPUT_IO_TIMING_NEAR_END_VMEAS     ; Half Vccio                             ; --                ; --           ; --         ;
; OUTPUT_IO_TIMING_NEAR_END_VMEAS     ; Half Vccio                             ; --                ; --           ; --         ;
; PARTITION_COLOR                     ; -- (Not supported for targeted family) ; --                ; MealyMachine ; Top        ;
; PARTITION_FITTER_PRESERVATION_LEVEL ; -- (Not supported for targeted family) ; --                ; MealyMachine ; Top        ;
; PARTITION_NETLIST_TYPE              ; -- (Not supported for targeted family) ; --                ; MealyMachine ; Top        ;
; PROJECT_OUTPUT_DIRECTORY            ; output_files                           ; --                ; --           ; --         ;
; TOP_LEVEL_ENTITY                    ; MealyMachine                           ; MealyStateMachine ; --           ; --         ;
+-------------------------------------+----------------------------------------+-------------------+--------------+------------+


+--------------------------------------------------------------------------------------------------------------------------+
; Flow Elapsed Time                                                                                                        ;
+----------------------+--------------+-------------------------+---------------------+------------------------------------+
; Module Name          ; Elapsed Time ; Average Processors Used ; Peak Virtual Memory ; Total CPU Time (on all processors) ;
+----------------------+--------------+-------------------------+---------------------+------------------------------------+
; Analysis & Synthesis ; 00:00:09     ; 1.0                     ; 4765 MB             ; 00:00:14                           ;
; Fitter               ; 00:00:11     ; 1.0                     ; 5698 MB             ; 00:00:11                           ;
; Assembler            ; 00:00:02     ; 1.0                     ; 4694 MB             ; 00:00:02                           ;
; Timing Analyzer      ; 00:00:02     ; 1.0                     ; 4854 MB             ; 00:00:01                           ;
; EDA Netlist Writer   ; 00:00:00     ; 1.0                     ; 4639 MB             ; 00:00:00                           ;
; EDA Netlist Writer   ; 00:00:01     ; 1.0                     ; 4650 MB             ; 00:00:00                           ;
; EDA Netlist Writer   ; 00:00:00     ; 1.0                     ; 4639 MB             ; 00:00:00                           ;
; EDA Netlist Writer   ; 00:00:01     ; 1.0                     ; 4650 MB             ; 00:00:00                           ;
; EDA Netlist Writer   ; 00:00:01     ; 1.0                     ; 4639 MB             ; 00:00:00                           ;
; EDA Netlist Writer   ; 00:00:01     ; 1.0                     ; 4650 MB             ; 00:00:00                           ;
; EDA Netlist Writer   ; 00:00:01     ; 1.0                     ; 4639 MB             ; 00:00:00                           ;
; EDA Netlist Writer   ; 00:00:00     ; 1.0                     ; 4650 MB             ; 00:00:00                           ;
; EDA Netlist Writer   ; 00:00:00     ; 1.0                     ; 4639 MB             ; 00:00:00                           ;
; EDA Netlist Writer   ; 00:00:01     ; 1.0                     ; 4650 MB             ; 00:00:00                           ;
; EDA Netlist Writer   ; 00:00:00     ; 1.0                     ; 4639 MB             ; 00:00:00                           ;
; EDA Netlist Writer   ; 00:00:00     ; 1.0                     ; 4650 MB             ; 00:00:00                           ;
; EDA Netlist Writer   ; 00:00:01     ; 1.0                     ; 4639 MB             ; 00:00:00                           ;
; EDA Netlist Writer   ; 00:00:01     ; 1.0                     ; 4650 MB             ; 00:00:00                           ;
; EDA Netlist Writer   ; 00:00:01     ; 1.0                     ; 4639 MB             ; 00:00:00                           ;
; EDA Netlist Writer   ; 00:00:00     ; 1.0                     ; 4650 MB             ; 00:00:00                           ;
; EDA Netlist Writer   ; 00:00:00     ; 1.0                     ; 4639 MB             ; 00:00:00                           ;
; EDA Netlist Writer   ; 00:00:01     ; 1.0                     ; 4650 MB             ; 00:00:00                           ;
; EDA Netlist Writer   ; 00:00:01     ; 1.0                     ; 4639 MB             ; 00:00:00                           ;
; EDA Netlist Writer   ; 00:00:01     ; 1.0                     ; 4650 MB             ; 00:00:00                           ;
; EDA Netlist Writer   ; 00:00:00     ; 1.0                     ; 4639 MB             ; 00:00:00                           ;
; EDA Netlist Writer   ; 00:00:00     ; 1.0                     ; 4650 MB             ; 00:00:00                           ;
; EDA Netlist Writer   ; 00:00:00     ; 1.0                     ; 4639 MB             ; 00:00:00                           ;
; EDA Netlist Writer   ; 00:00:00     ; 1.0                     ; 4650 MB             ; 00:00:00                           ;
; EDA Netlist Writer   ; 00:00:00     ; 1.0                     ; 4639 MB             ; 00:00:00                           ;
; EDA Netlist Writer   ; 00:00:00     ; 1.0                     ; 4650 MB             ; 00:00:00                           ;
; EDA Netlist Writer   ; 00:00:00     ; 1.0                     ; 4639 MB             ; 00:00:00                           ;
; EDA Netlist Writer   ; 00:00:00     ; 1.0                     ; 4650 MB             ; 00:00:00                           ;
; EDA Netlist Writer   ; 00:00:00     ; 1.0                     ; 4639 MB             ; 00:00:00                           ;
; EDA Netlist Writer   ; 00:00:00     ; 1.0                     ; 4650 MB             ; 00:00:00                           ;
; EDA Netlist Writer   ; 00:00:01     ; 1.0                     ; 4639 MB             ; 00:00:00                           ;
; EDA Netlist Writer   ; 00:00:01     ; 1.0                     ; 4650 MB             ; 00:00:00                           ;
; EDA Netlist Writer   ; 00:00:01     ; 1.0                     ; 4639 MB             ; 00:00:00                           ;
; EDA Netlist Writer   ; 00:00:00     ; 1.0                     ; 4650 MB             ; 00:00:00                           ;
; EDA Netlist Writer   ; 00:00:00     ; 1.0                     ; 4639 MB             ; 00:00:00                           ;
; EDA Netlist Writer   ; 00:00:00     ; 1.0                     ; 4650 MB             ; 00:00:00                           ;
; EDA Netlist Writer   ; 00:00:01     ; 1.0                     ; 4639 MB             ; 00:00:00                           ;
; EDA Netlist Writer   ; 00:00:00     ; 1.0                     ; 4650 MB             ; 00:00:00                           ;
; EDA Netlist Writer   ; 00:00:00     ; 1.0                     ; 4639 MB             ; 00:00:01                           ;
; EDA Netlist Writer   ; 00:00:00     ; 1.0                     ; 4650 MB             ; 00:00:00                           ;
; EDA Netlist Writer   ; 00:00:01     ; 1.0                     ; 4639 MB             ; 00:00:01                           ;
; EDA Netlist Writer   ; 00:00:01     ; 1.0                     ; 4650 MB             ; 00:00:00                           ;
; EDA Netlist Writer   ; 00:00:01     ; 1.0                     ; 4639 MB             ; 00:00:01                           ;
; EDA Netlist Writer   ; 00:00:00     ; 1.0                     ; 4650 MB             ; 00:00:00                           ;
; EDA Netlist Writer   ; 00:00:01     ; 1.0                     ; 4639 MB             ; 00:00:01                           ;
; EDA Netlist Writer   ; 00:00:01     ; 1.0                     ; 4650 MB             ; 00:00:00                           ;
; Total                ; 00:00:45     ; --                      ; --                  ; 00:00:32                           ;
+----------------------+--------------+-------------------------+---------------------+------------------------------------+


+------------------------------------------------------------------------------------+
; Flow OS Summary                                                                    ;
+----------------------+------------------+------------+------------+----------------+
; Module Name          ; Machine Hostname ; OS Name    ; OS Version ; Processor type ;
+----------------------+------------------+------------+------------+----------------+
; Analysis & Synthesis ; DESKTOP-11UE0JN  ; Windows 10 ; 10.0       ; x86_64         ;
; Fitter               ; DESKTOP-11UE0JN  ; Windows 10 ; 10.0       ; x86_64         ;
; Assembler            ; DESKTOP-11UE0JN  ; Windows 10 ; 10.0       ; x86_64         ;
; Timing Analyzer      ; DESKTOP-11UE0JN  ; Windows 10 ; 10.0       ; x86_64         ;
; EDA Netlist Writer   ; DESKTOP-11UE0JN  ; Windows 10 ; 10.0       ; x86_64         ;
; EDA Netlist Writer   ; DESKTOP-11UE0JN  ; Windows 10 ; 10.0       ; x86_64         ;
; EDA Netlist Writer   ; DESKTOP-11UE0JN  ; Windows 10 ; 10.0       ; x86_64         ;
; EDA Netlist Writer   ; DESKTOP-11UE0JN  ; Windows 10 ; 10.0       ; x86_64         ;
; EDA Netlist Writer   ; DESKTOP-11UE0JN  ; Windows 10 ; 10.0       ; x86_64         ;
; EDA Netlist Writer   ; DESKTOP-11UE0JN  ; Windows 10 ; 10.0       ; x86_64         ;
; EDA Netlist Writer   ; DESKTOP-11UE0JN  ; Windows 10 ; 10.0       ; x86_64         ;
; EDA Netlist Writer   ; DESKTOP-11UE0JN  ; Windows 10 ; 10.0       ; x86_64         ;
; EDA Netlist Writer   ; DESKTOP-11UE0JN  ; Windows 10 ; 10.0       ; x86_64         ;
; EDA Netlist Writer   ; DESKTOP-11UE0JN  ; Windows 10 ; 10.0       ; x86_64         ;
; EDA Netlist Writer   ; DESKTOP-11UE0JN  ; Windows 10 ; 10.0       ; x86_64         ;
; EDA Netlist Writer   ; DESKTOP-11UE0JN  ; Windows 10 ; 10.0       ; x86_64         ;
; EDA Netlist Writer   ; DESKTOP-11UE0JN  ; Windows 10 ; 10.0       ; x86_64         ;
; EDA Netlist Writer   ; DESKTOP-11UE0JN  ; Windows 10 ; 10.0       ; x86_64         ;
; EDA Netlist Writer   ; DESKTOP-11UE0JN  ; Windows 10 ; 10.0       ; x86_64         ;
; EDA Netlist Writer   ; DESKTOP-11UE0JN  ; Windows 10 ; 10.0       ; x86_64         ;
; EDA Netlist Writer   ; DESKTOP-11UE0JN  ; Windows 10 ; 10.0       ; x86_64         ;
; EDA Netlist Writer   ; DESKTOP-11UE0JN  ; Windows 10 ; 10.0       ; x86_64         ;
; EDA Netlist Writer   ; DESKTOP-11UE0JN  ; Windows 10 ; 10.0       ; x86_64         ;
; EDA Netlist Writer   ; DESKTOP-11UE0JN  ; Windows 10 ; 10.0       ; x86_64         ;
; EDA Netlist Writer   ; DESKTOP-11UE0JN  ; Windows 10 ; 10.0       ; x86_64         ;
; EDA Netlist Writer   ; DESKTOP-11UE0JN  ; Windows 10 ; 10.0       ; x86_64         ;
; EDA Netlist Writer   ; DESKTOP-11UE0JN  ; Windows 10 ; 10.0       ; x86_64         ;
; EDA Netlist Writer   ; DESKTOP-11UE0JN  ; Windows 10 ; 10.0       ; x86_64         ;
; EDA Netlist Writer   ; DESKTOP-11UE0JN  ; Windows 10 ; 10.0       ; x86_64         ;
; EDA Netlist Writer   ; DESKTOP-11UE0JN  ; Windows 10 ; 10.0       ; x86_64         ;
; EDA Netlist Writer   ; DESKTOP-11UE0JN  ; Windows 10 ; 10.0       ; x86_64         ;
; EDA Netlist Writer   ; DESKTOP-11UE0JN  ; Windows 10 ; 10.0       ; x86_64         ;
; EDA Netlist Writer   ; DESKTOP-11UE0JN  ; Windows 10 ; 10.0       ; x86_64         ;
; EDA Netlist Writer   ; DESKTOP-11UE0JN  ; Windows 10 ; 10.0       ; x86_64         ;
; EDA Netlist Writer   ; DESKTOP-11UE0JN  ; Windows 10 ; 10.0       ; x86_64         ;
; EDA Netlist Writer   ; DESKTOP-11UE0JN  ; Windows 10 ; 10.0       ; x86_64         ;
; EDA Netlist Writer   ; DESKTOP-11UE0JN  ; Windows 10 ; 10.0       ; x86_64         ;
; EDA Netlist Writer   ; DESKTOP-11UE0JN  ; Windows 10 ; 10.0       ; x86_64         ;
; EDA Netlist Writer   ; DESKTOP-11UE0JN  ; Windows 10 ; 10.0       ; x86_64         ;
; EDA Netlist Writer   ; DESKTOP-11UE0JN  ; Windows 10 ; 10.0       ; x86_64         ;
; EDA Netlist Writer   ; DESKTOP-11UE0JN  ; Windows 10 ; 10.0       ; x86_64         ;
; EDA Netlist Writer   ; DESKTOP-11UE0JN  ; Windows 10 ; 10.0       ; x86_64         ;
; EDA Netlist Writer   ; DESKTOP-11UE0JN  ; Windows 10 ; 10.0       ; x86_64         ;
; EDA Netlist Writer   ; DESKTOP-11UE0JN  ; Windows 10 ; 10.0       ; x86_64         ;
; EDA Netlist Writer   ; DESKTOP-11UE0JN  ; Windows 10 ; 10.0       ; x86_64         ;
; EDA Netlist Writer   ; DESKTOP-11UE0JN  ; Windows 10 ; 10.0       ; x86_64         ;
; EDA Netlist Writer   ; DESKTOP-11UE0JN  ; Windows 10 ; 10.0       ; x86_64         ;
; EDA Netlist Writer   ; DESKTOP-11UE0JN  ; Windows 10 ; 10.0       ; x86_64         ;
; EDA Netlist Writer   ; DESKTOP-11UE0JN  ; Windows 10 ; 10.0       ; x86_64         ;
; EDA Netlist Writer   ; DESKTOP-11UE0JN  ; Windows 10 ; 10.0       ; x86_64         ;
+----------------------+------------------+------------+------------+----------------+


------------
; Flow Log ;
------------
quartus_map --read_settings_files=on --write_settings_files=off MealyStateMachine -c MealyStateMachine
quartus_fit --read_settings_files=off --write_settings_files=off MealyStateMachine -c MealyStateMachine
quartus_asm --read_settings_files=off --write_settings_files=off MealyStateMachine -c MealyStateMachine
quartus_sta MealyStateMachine -c MealyStateMachine
quartus_eda --gen_testbench --tool=modelsim_oem --format=verilog --write_settings_files=off MealyStateMachine -c MealyStateMachine --vector_source="C:/Users/maria/OneDrive/Documentos/UNIFESP/6 - UCs/LAB CD/Quartus/Mealy Machine/Waveform3.vwf" --testbench_file="C:/Users/maria/OneDrive/Documentos/UNIFESP/6 - UCs/LAB CD/Quartus/Mealy Machine/simulation/qsim/Waveform3.vwf.vt"
quartus_eda --write_settings_files=off --simulation=on --functional=on --flatten_buses=off --tool=modelsim_oem --format=verilog --output_directory="C:/Users/maria/OneDrive/Documentos/UNIFESP/6 - UCs/LAB CD/Quartus/Mealy Machine/simulation/qsim/" MealyStateMachine -c MealyStateMachine
quartus_eda --gen_testbench --tool=modelsim_oem --format=verilog --write_settings_files=off MealyStateMachine -c MealyStateMachine --vector_source="C:/Users/maria/OneDrive/Documentos/UNIFESP/6 - UCs/LAB CD/Quartus/Mealy Machine/Waveform3.vwf" --testbench_file="C:/Users/maria/OneDrive/Documentos/UNIFESP/6 - UCs/LAB CD/Quartus/Mealy Machine/simulation/qsim/Waveform3.vwf.vt"
quartus_eda --write_settings_files=off --simulation=on --functional=on --flatten_buses=off --tool=modelsim_oem --format=verilog --output_directory="C:/Users/maria/OneDrive/Documentos/UNIFESP/6 - UCs/LAB CD/Quartus/Mealy Machine/simulation/qsim/" MealyStateMachine -c MealyStateMachine
quartus_eda --gen_testbench --tool=modelsim_oem --format=verilog --write_settings_files=off MealyStateMachine -c MealyStateMachine --vector_source="C:/Users/maria/OneDrive/Documentos/UNIFESP/6 - UCs/LAB CD/Quartus/Mealy Machine/Waveform3.vwf" --testbench_file="C:/Users/maria/OneDrive/Documentos/UNIFESP/6 - UCs/LAB CD/Quartus/Mealy Machine/simulation/qsim/Waveform3.vwf.vt"
quartus_eda --write_settings_files=off --simulation=on --functional=on --flatten_buses=off --tool=modelsim_oem --format=verilog --output_directory="C:/Users/maria/OneDrive/Documentos/UNIFESP/6 - UCs/LAB CD/Quartus/Mealy Machine/simulation/qsim/" MealyStateMachine -c MealyStateMachine
quartus_eda --gen_testbench --tool=modelsim_oem --format=verilog --write_settings_files=off MealyStateMachine -c MealyStateMachine --vector_source="C:/Users/maria/OneDrive/Documentos/UNIFESP/6 - UCs/LAB CD/Quartus/Mealy Machine/Waveform3.vwf" --testbench_file="C:/Users/maria/OneDrive/Documentos/UNIFESP/6 - UCs/LAB CD/Quartus/Mealy Machine/simulation/qsim/Waveform3.vwf.vt"
quartus_eda --write_settings_files=off --simulation=on --functional=on --flatten_buses=off --tool=modelsim_oem --format=verilog --output_directory="C:/Users/maria/OneDrive/Documentos/UNIFESP/6 - UCs/LAB CD/Quartus/Mealy Machine/simulation/qsim/" MealyStateMachine -c MealyStateMachine
quartus_eda --gen_testbench --tool=modelsim_oem --format=verilog --write_settings_files=off MealyStateMachine -c MealyStateMachine --vector_source="C:/Users/maria/OneDrive/Documentos/UNIFESP/6 - UCs/LAB CD/Quartus/Mealy Machine/Waveform3.vwf" --testbench_file="C:/Users/maria/OneDrive/Documentos/UNIFESP/6 - UCs/LAB CD/Quartus/Mealy Machine/simulation/qsim/Waveform3.vwf.vt"
quartus_eda --write_settings_files=off --simulation=on --functional=on --flatten_buses=off --tool=modelsim_oem --format=verilog --output_directory="C:/Users/maria/OneDrive/Documentos/UNIFESP/6 - UCs/LAB CD/Quartus/Mealy Machine/simulation/qsim/" MealyStateMachine -c MealyStateMachine
quartus_eda --gen_testbench --tool=modelsim_oem --format=verilog --write_settings_files=off MealyStateMachine -c MealyStateMachine --vector_source="C:/Users/maria/OneDrive/Documentos/UNIFESP/6 - UCs/LAB CD/Quartus/Mealy Machine/Waveform3.vwf" --testbench_file="C:/Users/maria/OneDrive/Documentos/UNIFESP/6 - UCs/LAB CD/Quartus/Mealy Machine/simulation/qsim/Waveform3.vwf.vt"
quartus_eda --write_settings_files=off --simulation=on --functional=on --flatten_buses=off --tool=modelsim_oem --format=verilog --output_directory="C:/Users/maria/OneDrive/Documentos/UNIFESP/6 - UCs/LAB CD/Quartus/Mealy Machine/simulation/qsim/" MealyStateMachine -c MealyStateMachine
quartus_eda --gen_testbench --tool=modelsim_oem --format=verilog --write_settings_files=off MealyStateMachine -c MealyStateMachine --vector_source="C:/Users/maria/OneDrive/Documentos/UNIFESP/6 - UCs/LAB CD/Quartus/Mealy Machine/Waveform3.vwf" --testbench_file="C:/Users/maria/OneDrive/Documentos/UNIFESP/6 - UCs/LAB CD/Quartus/Mealy Machine/simulation/qsim/Waveform3.vwf.vt"
quartus_eda --write_settings_files=off --simulation=on --functional=on --flatten_buses=off --tool=modelsim_oem --format=verilog --output_directory="C:/Users/maria/OneDrive/Documentos/UNIFESP/6 - UCs/LAB CD/Quartus/Mealy Machine/simulation/qsim/" MealyStateMachine -c MealyStateMachine
quartus_eda --gen_testbench --tool=modelsim_oem --format=verilog --write_settings_files=off MealyStateMachine -c MealyStateMachine --vector_source="C:/Users/maria/OneDrive/Documentos/UNIFESP/6 - UCs/LAB CD/Quartus/Mealy Machine/Waveform3.vwf" --testbench_file="C:/Users/maria/OneDrive/Documentos/UNIFESP/6 - UCs/LAB CD/Quartus/Mealy Machine/simulation/qsim/Waveform3.vwf.vt"
quartus_eda --write_settings_files=off --simulation=on --functional=on --flatten_buses=off --tool=modelsim_oem --format=verilog --output_directory="C:/Users/maria/OneDrive/Documentos/UNIFESP/6 - UCs/LAB CD/Quartus/Mealy Machine/simulation/qsim/" MealyStateMachine -c MealyStateMachine
quartus_eda --gen_testbench --tool=modelsim_oem --format=verilog --write_settings_files=off MealyStateMachine -c MealyStateMachine --vector_source="C:/Users/maria/OneDrive/Documentos/UNIFESP/6 - UCs/LAB CD/Quartus/Mealy Machine/Waveform3.vwf" --testbench_file="C:/Users/maria/OneDrive/Documentos/UNIFESP/6 - UCs/LAB CD/Quartus/Mealy Machine/simulation/qsim/Waveform3.vwf.vt"
quartus_eda --write_settings_files=off --simulation=on --functional=on --flatten_buses=off --tool=modelsim_oem --format=verilog --output_directory="C:/Users/maria/OneDrive/Documentos/UNIFESP/6 - UCs/LAB CD/Quartus/Mealy Machine/simulation/qsim/" MealyStateMachine -c MealyStateMachine
quartus_eda --gen_testbench --tool=modelsim_oem --format=verilog --write_settings_files=off MealyStateMachine -c MealyStateMachine --vector_source="C:/Users/maria/OneDrive/Documentos/UNIFESP/6 - UCs/LAB CD/Quartus/Mealy Machine/Waveform3.vwf" --testbench_file="C:/Users/maria/OneDrive/Documentos/UNIFESP/6 - UCs/LAB CD/Quartus/Mealy Machine/simulation/qsim/Waveform3.vwf.vt"
quartus_eda --write_settings_files=off --simulation=on --functional=on --flatten_buses=off --tool=modelsim_oem --format=verilog --output_directory="C:/Users/maria/OneDrive/Documentos/UNIFESP/6 - UCs/LAB CD/Quartus/Mealy Machine/simulation/qsim/" MealyStateMachine -c MealyStateMachine
quartus_eda --gen_testbench --tool=modelsim_oem --format=verilog --write_settings_files=off MealyStateMachine -c MealyStateMachine --vector_source="C:/Users/maria/OneDrive/Documentos/UNIFESP/6 - UCs/LAB CD/Quartus/Mealy Machine/Waveform3.vwf" --testbench_file="C:/Users/maria/OneDrive/Documentos/UNIFESP/6 - UCs/LAB CD/Quartus/Mealy Machine/simulation/qsim/Waveform3.vwf.vt"
quartus_eda --write_settings_files=off --simulation=on --functional=on --flatten_buses=off --tool=modelsim_oem --format=verilog --output_directory="C:/Users/maria/OneDrive/Documentos/UNIFESP/6 - UCs/LAB CD/Quartus/Mealy Machine/simulation/qsim/" MealyStateMachine -c MealyStateMachine
quartus_eda --gen_testbench --tool=modelsim_oem --format=verilog --write_settings_files=off MealyStateMachine -c MealyStateMachine --vector_source="C:/Users/maria/OneDrive/Documentos/UNIFESP/6 - UCs/LAB CD/Quartus/Mealy Machine/Waveform3.vwf" --testbench_file="C:/Users/maria/OneDrive/Documentos/UNIFESP/6 - UCs/LAB CD/Quartus/Mealy Machine/simulation/qsim/Waveform3.vwf.vt"
quartus_eda --write_settings_files=off --simulation=on --functional=on --flatten_buses=off --tool=modelsim_oem --format=verilog --output_directory="C:/Users/maria/OneDrive/Documentos/UNIFESP/6 - UCs/LAB CD/Quartus/Mealy Machine/simulation/qsim/" MealyStateMachine -c MealyStateMachine
quartus_eda --gen_testbench --tool=modelsim_oem --format=verilog --write_settings_files=off MealyStateMachine -c MealyStateMachine --vector_source="C:/Users/maria/OneDrive/Documentos/UNIFESP/6 - UCs/LAB CD/Quartus/Mealy Machine/Waveform3.vwf" --testbench_file="C:/Users/maria/OneDrive/Documentos/UNIFESP/6 - UCs/LAB CD/Quartus/Mealy Machine/simulation/qsim/Waveform3.vwf.vt"
quartus_eda --write_settings_files=off --simulation=on --functional=on --flatten_buses=off --tool=modelsim_oem --format=verilog --output_directory="C:/Users/maria/OneDrive/Documentos/UNIFESP/6 - UCs/LAB CD/Quartus/Mealy Machine/simulation/qsim/" MealyStateMachine -c MealyStateMachine
quartus_eda --gen_testbench --tool=modelsim_oem --format=verilog --write_settings_files=off MealyStateMachine -c MealyStateMachine --vector_source="C:/Users/maria/OneDrive/Documentos/UNIFESP/6 - UCs/LAB CD/Quartus/Mealy Machine/Waveform3.vwf" --testbench_file="C:/Users/maria/OneDrive/Documentos/UNIFESP/6 - UCs/LAB CD/Quartus/Mealy Machine/simulation/qsim/Waveform3.vwf.vt"
quartus_eda --write_settings_files=off --simulation=on --functional=on --flatten_buses=off --tool=modelsim_oem --format=verilog --output_directory="C:/Users/maria/OneDrive/Documentos/UNIFESP/6 - UCs/LAB CD/Quartus/Mealy Machine/simulation/qsim/" MealyStateMachine -c MealyStateMachine
quartus_eda --gen_testbench --tool=modelsim_oem --format=verilog --write_settings_files=off MealyStateMachine -c MealyStateMachine --vector_source="C:/Users/maria/OneDrive/Documentos/UNIFESP/6 - UCs/LAB CD/Quartus/Mealy Machine/Waveform3.vwf" --testbench_file="C:/Users/maria/OneDrive/Documentos/UNIFESP/6 - UCs/LAB CD/Quartus/Mealy Machine/simulation/qsim/Waveform3.vwf.vt"
quartus_eda --write_settings_files=off --simulation=on --functional=on --flatten_buses=off --tool=modelsim_oem --format=verilog --output_directory="C:/Users/maria/OneDrive/Documentos/UNIFESP/6 - UCs/LAB CD/Quartus/Mealy Machine/simulation/qsim/" MealyStateMachine -c MealyStateMachine
quartus_eda --gen_testbench --tool=modelsim_oem --format=verilog --write_settings_files=off MealyStateMachine -c MealyStateMachine --vector_source="C:/Users/maria/OneDrive/Documentos/UNIFESP/6 - UCs/LAB CD/Quartus/Mealy Machine/Waveform3.vwf" --testbench_file="C:/Users/maria/OneDrive/Documentos/UNIFESP/6 - UCs/LAB CD/Quartus/Mealy Machine/simulation/qsim/Waveform3.vwf.vt"
quartus_eda --write_settings_files=off --simulation=on --functional=on --flatten_buses=off --tool=modelsim_oem --format=verilog --output_directory="C:/Users/maria/OneDrive/Documentos/UNIFESP/6 - UCs/LAB CD/Quartus/Mealy Machine/simulation/qsim/" MealyStateMachine -c MealyStateMachine
quartus_eda --gen_testbench --tool=modelsim_oem --format=verilog --write_settings_files=off MealyStateMachine -c MealyStateMachine --vector_source="C:/Users/maria/OneDrive/Documentos/UNIFESP/6 - UCs/LAB CD/Quartus/Mealy Machine/Waveform3.vwf" --testbench_file="C:/Users/maria/OneDrive/Documentos/UNIFESP/6 - UCs/LAB CD/Quartus/Mealy Machine/simulation/qsim/Waveform3.vwf.vt"
quartus_eda --write_settings_files=off --simulation=on --functional=on --flatten_buses=off --tool=modelsim_oem --format=verilog --output_directory="C:/Users/maria/OneDrive/Documentos/UNIFESP/6 - UCs/LAB CD/Quartus/Mealy Machine/simulation/qsim/" MealyStateMachine -c MealyStateMachine
quartus_eda --gen_testbench --tool=modelsim_oem --format=verilog --write_settings_files=off MealyStateMachine -c MealyStateMachine --vector_source="C:/Users/maria/OneDrive/Documentos/UNIFESP/6 - UCs/LAB CD/Quartus/Mealy Machine/Waveform3.vwf" --testbench_file="C:/Users/maria/OneDrive/Documentos/UNIFESP/6 - UCs/LAB CD/Quartus/Mealy Machine/simulation/qsim/Waveform3.vwf.vt"
quartus_eda --write_settings_files=off --simulation=on --functional=on --flatten_buses=off --tool=modelsim_oem --format=verilog --output_directory="C:/Users/maria/OneDrive/Documentos/UNIFESP/6 - UCs/LAB CD/Quartus/Mealy Machine/simulation/qsim/" MealyStateMachine -c MealyStateMachine
quartus_eda --gen_testbench --tool=modelsim_oem --format=verilog --write_settings_files=off MealyStateMachine -c MealyStateMachine --vector_source="C:/Users/maria/OneDrive/Documentos/UNIFESP/6 - UCs/LAB CD/Quartus/Mealy Machine/Waveform3.vwf" --testbench_file="C:/Users/maria/OneDrive/Documentos/UNIFESP/6 - UCs/LAB CD/Quartus/Mealy Machine/simulation/qsim/Waveform3.vwf.vt"
quartus_eda --write_settings_files=off --simulation=on --functional=on --flatten_buses=off --tool=modelsim_oem --format=verilog --output_directory="C:/Users/maria/OneDrive/Documentos/UNIFESP/6 - UCs/LAB CD/Quartus/Mealy Machine/simulation/qsim/" MealyStateMachine -c MealyStateMachine
quartus_eda --gen_testbench --tool=modelsim_oem --format=verilog --write_settings_files=off MealyStateMachine -c MealyStateMachine --vector_source="C:/Users/maria/OneDrive/Documentos/UNIFESP/6 - UCs/LAB CD/Quartus/Mealy Machine/Waveform2.vwf" --testbench_file="C:/Users/maria/OneDrive/Documentos/UNIFESP/6 - UCs/LAB CD/Quartus/Mealy Machine/simulation/qsim/Waveform2.vwf.vt"
quartus_eda --write_settings_files=off --simulation=on --functional=on --flatten_buses=off --tool=modelsim_oem --format=verilog --output_directory="C:/Users/maria/OneDrive/Documentos/UNIFESP/6 - UCs/LAB CD/Quartus/Mealy Machine/simulation/qsim/" MealyStateMachine -c MealyStateMachine
quartus_eda --gen_testbench --tool=modelsim_oem --format=verilog --write_settings_files=off MealyStateMachine -c MealyStateMachine --vector_source="C:/Users/maria/OneDrive/Documentos/UNIFESP/6 - UCs/LAB CD/Quartus/Mealy Machine/Waveform2.vwf" --testbench_file="C:/Users/maria/OneDrive/Documentos/UNIFESP/6 - UCs/LAB CD/Quartus/Mealy Machine/simulation/qsim/Waveform2.vwf.vt"
quartus_eda --write_settings_files=off --simulation=on --functional=on --flatten_buses=off --tool=modelsim_oem --format=verilog --output_directory="C:/Users/maria/OneDrive/Documentos/UNIFESP/6 - UCs/LAB CD/Quartus/Mealy Machine/simulation/qsim/" MealyStateMachine -c MealyStateMachine
quartus_eda --gen_testbench --tool=modelsim_oem --format=verilog --write_settings_files=off MealyStateMachine -c MealyStateMachine --vector_source="C:/Users/maria/OneDrive/Documentos/UNIFESP/6 - UCs/LAB CD/Quartus/Mealy Machine/Waveform2.vwf" --testbench_file="C:/Users/maria/OneDrive/Documentos/UNIFESP/6 - UCs/LAB CD/Quartus/Mealy Machine/simulation/qsim/Waveform2.vwf.vt"
quartus_eda --write_settings_files=off --simulation=on --functional=on --flatten_buses=off --tool=modelsim_oem --format=verilog --output_directory="C:/Users/maria/OneDrive/Documentos/UNIFESP/6 - UCs/LAB CD/Quartus/Mealy Machine/simulation/qsim/" MealyStateMachine -c MealyStateMachine
quartus_eda --gen_testbench --tool=modelsim_oem --format=verilog --write_settings_files=off MealyStateMachine -c MealyStateMachine --vector_source="C:/Users/maria/OneDrive/Documentos/UNIFESP/6 - UCs/LAB CD/Quartus/Mealy Machine/Waveform2.vwf" --testbench_file="C:/Users/maria/OneDrive/Documentos/UNIFESP/6 - UCs/LAB CD/Quartus/Mealy Machine/simulation/qsim/Waveform2.vwf.vt"
quartus_eda --write_settings_files=off --simulation=on --functional=on --flatten_buses=off --tool=modelsim_oem --format=verilog --output_directory="C:/Users/maria/OneDrive/Documentos/UNIFESP/6 - UCs/LAB CD/Quartus/Mealy Machine/simulation/qsim/" MealyStateMachine -c MealyStateMachine



